make all --print-data-base --no-builtin-variables --no-builtin-rules --question
make: *** No rule to make target 'all'.  Stop.

# GNU Make 4.3
# Built for x86_64-pc-linux-gnu
# Copyright (C) 1988-2020 Free Software Foundation, Inc.
# License GPLv3+: GNU GPL version 3 or later <http://gnu.org/licenses/gpl.html>
# This is free software: you are free to change and redistribute it.
# There is NO WARRANTY, to the extent permitted by law.

# Make data base, printed on Thu Sep  1 08:42:02 2022

# Variables

# environment
LC_ALL = C
# environment
VSCODE_CWD = /root
# environment
NVM_DIR = /root/.nvm
# default
MAKE_COMMAND := make
# environment
VSCODE_HANDLES_SIGPIPE = true
# environment
GOPATH = /root/go
# automatic
@D = $(patsubst %/,%,$(dir $@))
# environment
VSCODE_HANDLES_UNCAUGHT_ERRORS = true
# default
.VARIABLES := 
# environment
PWD = /root/luca
# automatic
%D = $(patsubst %/,%,$(dir $%))
# environment
XDG_DATA_DIRS = /usr/local/share:/usr/share:/var/lib/snapd/desktop
# automatic
^D = $(patsubst %/,%,$(dir $^))
# automatic
%F = $(notdir $%)
# environment
LANG = C
# default
.LOADED := 
# default
.INCLUDE_DIRS = /usr/local/include /usr/include /usr/include
# makefile
MAKEFLAGS = pqrR
# makefile
CURDIR := /root/luca
# environment
APPLICATION_INSIGHTS_NO_DIAGNOSTIC_CHANNEL = 1
# environment
LESSOPEN = | /usr/bin/lesspipe %s
# automatic
*D = $(patsubst %/,%,$(dir $*))
# environment
MFLAGS = -pqrR
# default
.SHELLFLAGS := -c
# automatic
+D = $(patsubst %/,%,$(dir $+))
# makefile
MAKEFILE_LIST := 
# automatic
@F = $(notdir $@)
# environment
XDG_SESSION_TYPE = tty
# automatic
?D = $(patsubst %/,%,$(dir $?))
# automatic
*F = $(notdir $*)
# environment
DBUS_SESSION_BUS_ADDRESS = unix:path=/run/user/0/bus
# automatic
<D = $(patsubst %/,%,$(dir $<))
# environment
VSCODE_NLS_CONFIG = {"locale":"en","availableLanguages":{}}
# default
MAKE_HOST := x86_64-pc-linux-gnu
# makefile
SHELL = /bin/sh
# default
MAKECMDGOALS := all
# environment
SHLVL = 0
# environment
MAKELEVEL := 0
# default
MAKE = $(MAKE_COMMAND)
# environment
PATH = /root/.vscode-server/bin/e4503b30fc78200f846c62cf8091b76ff5547662/bin/remote-cli:/root/go/bin:/root/.go/bin:/root/.cargo/bin:/usr/local/sbin:/usr/local/bin:/usr/sbin:/usr/bin:/sbin:/bin:/usr/games:/usr/local/games:/snap/bin
# default
MAKEFILES := 
# environment
MOTD_SHOWN = pam
# automatic
^F = $(notdir $^)
# environment
GOROOT = /root/.go
# environment
SSH_CLIENT = 188.43.136.33 58701 22
# environment
LESSCLOSE = /usr/bin/lesspipe %s %s
# automatic
?F = $(notdir $?)
# environment
LS_COLORS = 
# automatic
+F = $(notdir $+)
# 'override' directive
GNUMAKEFLAGS := 
# environment
BROWSER = /root/.vscode-server/bin/e4503b30fc78200f846c62cf8091b76ff5547662/bin/helpers/browser.sh
# environment
LOGNAME = root
# makefile
.DEFAULT_GOAL := 
# environment
USER = root
# default
MAKE_VERSION := 4.3
# environment
VSCODE_AGENT_FOLDER = /root/.vscode-server
# environment
_ = /root/.vscode-server/bin/e4503b30fc78200f846c62cf8091b76ff5547662/node
# environment
XDG_RUNTIME_DIR = /run/user/0
# environment
NVM_RC_VERSION = 
# environment
VSCODE_IPC_HOOK_CLI = /run/user/0/vscode-ipc-0cf93b4f-9137-4420-b2c7-b4b42d28808c.sock
# environment
NVM_CD_FLAGS = 
# environment
XDG_SESSION_CLASS = user
# environment
VSCODE_AMD_ENTRYPOINT = vs/workbench/api/node/extensionHostProcess
# environment
HOME = /root
# environment
ELECTRON_RUN_AS_NODE = 1
# environment
XDG_SESSION_ID = 19
# default
.RECIPEPREFIX := 
# automatic
<F = $(notdir $<)
# default
SUFFIXES := 
# default
.FEATURES := target-specific order-only second-expansion else-if shortest-stem undefine oneshell nocomment grouped-target extra-prereqs archives jobserver output-sync check-symlink load
# environment
SSH_CONNECTION = 188.43.136.33 58701 95.216.109.28 22
# variable set hash-table stats:
# Load=71/1024=7%, Rehash=0, Collisions=1/98=1%

# Pattern-specific Variable Values

# No pattern-specific variable values.

# Directories

# . (device 64514, inode 264604): 5 files, no impossibilities.

# 5 files, no impossibilities in 1 directories.

# Implicit Rules

# No implicit rules.

# Files

# Not a target:
Makefile:
#  Implicit rule search has been done.
#  File does not exist.
#  File has been updated.
#  Failed to be updated.

# Not a target:
.DEFAULT:
#  Implicit rule search has not been done.
#  Modification time never checked.
#  File has not been updated.

# Not a target:
all:
#  Command line target.
#  Implicit rule search has been done.
#  File does not exist.
#  File has not been updated.

# Not a target:
makefile:
#  Implicit rule search has been done.
#  File does not exist.
#  File has been updated.
#  Failed to be updated.

# Not a target:
GNUmakefile:
#  Implicit rule search has been done.
#  File does not exist.
 
#  File has been updated.
#  Failed to be updated.

# files hash-table stats:
# Load=6/1024=1%, Rehash=0, Collisions=0/15=0%
# VPATH Search Paths

# No 'vpath' search paths.

# No general ('VPATH' variable) search path.

# strcache buffers: 1 (0) / strings = 13 / storage = 120 B / avg = 9 B
# current buf: size = 8162 B / used = 120 B / count = 13 / avg = 9 B

# strcache performance: lookups = 16 / hit rate = 18%
# hash-table stats:
# Load=13/8192=0%, Rehash=0, Collisions=0/16=0%
# Finished Make data base on Thu Sep  1 08:42:02 2022

 
